----------------
Action:
Date	Action	File
2012-08-05 11:31:07 PM	Added	D:\Grant\Ellie\0034\MainStyle.css
2012-08-05 11:31:07 PM	Added	D:\Grant\Ellie\0034\New Microsoft Visio Drawing.vsd
2012-08-05 11:31:07 PM	Added	D:\Grant\Ellie\0034\index.html
2012-08-05 11:31:07 PM	Added	D:\Grant\Ellie\0034\template2.html
2012-08-05 11:31:07 PM	Added	D:\Grant\Ellie\0034\template3.html
2012-08-05 11:31:07 PM	Added	D:\Grant\Ellie\PrimeNumber\.classpath
2012-08-05 11:31:07 PM	Added	D:\Grant\Ellie\PrimeNumber\.project
2012-08-05 11:31:07 PM	Added	D:\Grant\Ellie\PrimeNumber\.settings\org.eclipse.jdt.core.prefs
2012-08-05 11:31:07 PM	Added	D:\Grant\Ellie\PrimeNumber\bin\Main.class
2012-08-05 11:31:07 PM	Added	D:\Grant\Ellie\PrimeNumber\src\Main.java
---END---
Aug 05, 2012 11:31:08 PM org.logging.LogFileLimit severe
SEVERE: Could not Email
535-5.7.1 Username and Password not accepted. Learn more at
535 5.7.1 http://support.google.com/mail/bin/answer.py?answer=14257 bj6sm15101710vdc.12
---START---
username@domain.com		Test
message



----------------
Action:
Date	Action	File
2012-08-05 11:31:07 PM	Added	D:\Grant\Brian\39jkh-44\Exit Firefox.ahk
2012-08-05 11:31:07 PM	Added	D:\Grant\Brian\39jkh-44\MainStyle.css
2012-08-05 11:31:07 PM	Added	D:\Grant\Brian\39jkh-44\New Microsoft Excel Worksheet.xlsx
2012-08-05 11:31:07 PM	Added	D:\Grant\Brian\39jkh-44\Power Setting.txt
2012-08-05 11:31:07 PM	Added	D:\Grant\Brian\39jkh-44\index.html
2012-08-05 11:31:07 PM	Added	D:\Grant\Brian\39jkh-44\template2.html
2012-08-05 11:31:07 PM	Added	D:\Grant\Brian\39jkh-44\template3.html
---END---
